<?xml version="1.0" encoding="UTF-8"?>
<testng-results ignored="0" total="6" passed="5" failed="1" skipped="0">
  <reporter-output>
  </reporter-output>
  <suite started-at="2022-10-09T18:47:14 IST" name="Suite" finished-at="2022-10-09T18:48:08 IST" duration-ms="54700">
    <groups>
    </groups>
    <test started-at="2022-10-09T18:47:14 IST" name="chrometest" finished-at="2022-10-09T18:48:08 IST" duration-ms="54700">
      <class name="com.saucedemo.testclasses.VerifyAllproduct">
        <test-method is-config="true" signature="setUp(java.lang.String)[pri:0, instance:com.saucedemo.testclasses.VerifyAllproduct@741a8937]" started-at="2022-10-09T18:47:50 IST" name="setUp" finished-at="2022-10-09T18:47:57 IST" duration-ms="6510" status="PASS">
          <params>
            <param index="0">
              <value>
                <![CDATA[chrome]]>
              </value>
            </param>
          </params>
          <reporter-output>
          </reporter-output>
        </test-method> <!-- setUp -->
        <test-method signature="VerifyAllproduct()[pri:2, instance:com.saucedemo.testclasses.VerifyAllproduct@741a8937]" started-at="2022-10-09T18:47:57 IST" name="VerifyAllproduct" finished-at="2022-10-09T18:47:58 IST" duration-ms="1655" status="PASS">
          <reporter-output>
          </reporter-output>
        </test-method> <!-- VerifyAllproduct -->
        <test-method is-config="true" signature="tearDown()[pri:0, instance:com.saucedemo.testclasses.VerifyAllproduct@741a8937]" started-at="2022-10-09T18:47:58 IST" name="tearDown" finished-at="2022-10-09T18:48:00 IST" duration-ms="1619" status="PASS">
          <reporter-output>
          </reporter-output>
        </test-method> <!-- tearDown -->
      </class> <!-- com.saucedemo.testclasses.VerifyAllproduct -->
      <class name="com.saucedemo.testclasses.VerifyFilter">
        <test-method is-config="true" signature="setUp(java.lang.String)[pri:0, instance:com.saucedemo.testclasses.VerifyFilter@306e95ec]" started-at="2022-10-09T18:48:00 IST" name="setUp" finished-at="2022-10-09T18:48:06 IST" duration-ms="6477" status="PASS">
          <params>
            <param index="0">
              <value>
                <![CDATA[chrome]]>
              </value>
            </param>
          </params>
          <reporter-output>
          </reporter-output>
        </test-method> <!-- setUp -->
        <test-method signature="VerifyFilter()[pri:0, instance:com.saucedemo.testclasses.VerifyFilter@306e95ec]" started-at="2022-10-09T18:48:06 IST" name="VerifyFilter" finished-at="2022-10-09T18:48:07 IST" duration-ms="653" status="PASS">
          <reporter-output>
          </reporter-output>
        </test-method> <!-- VerifyFilter -->
        <test-method is-config="true" signature="tearDown()[pri:0, instance:com.saucedemo.testclasses.VerifyFilter@306e95ec]" started-at="2022-10-09T18:48:07 IST" name="tearDown" finished-at="2022-10-09T18:48:08 IST" duration-ms="1417" status="PASS">
          <reporter-output>
          </reporter-output>
        </test-method> <!-- tearDown -->
      </class> <!-- com.saucedemo.testclasses.VerifyFilter -->
      <class name="com.saucedemo.testclasses.Loginfunctionality">
        <test-method is-config="true" signature="setUp(java.lang.String)[pri:0, instance:com.saucedemo.testclasses.Loginfunctionality@58d75e99]" started-at="2022-10-09T18:47:25 IST" name="setUp" finished-at="2022-10-09T18:47:32 IST" duration-ms="6593" status="PASS">
          <params>
            <param index="0">
              <value>
                <![CDATA[chrome]]>
              </value>
            </param>
          </params>
          <reporter-output>
          </reporter-output>
        </test-method> <!-- setUp -->
        <test-method signature="LogoutFunctionlity()[pri:0, instance:com.saucedemo.testclasses.Loginfunctionality@58d75e99]" started-at="2022-10-09T18:47:32 IST" name="LogoutFunctionlity" finished-at="2022-10-09T18:47:32 IST" duration-ms="351" status="FAIL">
          <exception class="org.openqa.selenium.ElementNotInteractableException">
            <message>
              <![CDATA[element not interactable
  (Session info: chrome=106.0.5249.103)
Build info: version: '3.14.0', revision: 'aacccce0', time: '2018-08-02T20:19:58.91Z'
System info: host: 'DESKTOP-45HEKQS', ip: '192.168.43.135', os.name: 'Windows 10', os.arch: 'amd64', os.version: '10.0', java.version: '17.0.3'
Driver info: org.openqa.selenium.chrome.ChromeDriver
Capabilities {acceptInsecureCerts: false, browserName: chrome, browserVersion: 106.0.5249.103, chrome: {chromedriverVersion: 106.0.5249.61 (511755355844..., userDataDir: C:\Users\ajit1\AppData\Loca...}, goog:chromeOptions: {debuggerAddress: localhost:55745}, javascriptEnabled: true, networkConnectionEnabled: false, pageLoadStrategy: normal, platform: WINDOWS, platformName: WINDOWS, proxy: Proxy(), setWindowRect: true, strictFileInteractability: false, timeouts: {implicit: 0, pageLoad: 300000, script: 30000}, unhandledPromptBehavior: dismiss and notify, webauthn:extension:credBlob: true, webauthn:extension:largeBlob: true, webauthn:virtualAuthenticators: true}
Session ID: cd306a922132704422f09ec25310d8a6]]>
            </message>
            <full-stacktrace>
              <![CDATA[org.openqa.selenium.ElementNotInteractableException: element not interactable
  (Session info: chrome=106.0.5249.103)
Build info: version: '3.14.0', revision: 'aacccce0', time: '2018-08-02T20:19:58.91Z'
System info: host: 'DESKTOP-45HEKQS', ip: '192.168.43.135', os.name: 'Windows 10', os.arch: 'amd64', os.version: '10.0', java.version: '17.0.3'
Driver info: org.openqa.selenium.chrome.ChromeDriver
Capabilities {acceptInsecureCerts: false, browserName: chrome, browserVersion: 106.0.5249.103, chrome: {chromedriverVersion: 106.0.5249.61 (511755355844..., userDataDir: C:\Users\ajit1\AppData\Loca...}, goog:chromeOptions: {debuggerAddress: localhost:55745}, javascriptEnabled: true, networkConnectionEnabled: false, pageLoadStrategy: normal, platform: WINDOWS, platformName: WINDOWS, proxy: Proxy(), setWindowRect: true, strictFileInteractability: false, timeouts: {implicit: 0, pageLoad: 300000, script: 30000}, unhandledPromptBehavior: dismiss and notify, webauthn:extension:credBlob: true, webauthn:extension:largeBlob: true, webauthn:virtualAuthenticators: true}
Session ID: cd306a922132704422f09ec25310d8a6
at java.base/jdk.internal.reflect.NativeConstructorAccessorImpl.newInstance0(Native Method)
at java.base/jdk.internal.reflect.NativeConstructorAccessorImpl.newInstance(NativeConstructorAccessorImpl.java:77)
at java.base/jdk.internal.reflect.DelegatingConstructorAccessorImpl.newInstance(DelegatingConstructorAccessorImpl.java:45)
at java.base/java.lang.reflect.Constructor.newInstanceWithCaller(Constructor.java:499)
at java.base/java.lang.reflect.Constructor.newInstance(Constructor.java:480)
at org.openqa.selenium.remote.http.W3CHttpResponseCodec.createException(W3CHttpResponseCodec.java:187)
at org.openqa.selenium.remote.http.W3CHttpResponseCodec.decode(W3CHttpResponseCodec.java:122)
at org.openqa.selenium.remote.http.W3CHttpResponseCodec.decode(W3CHttpResponseCodec.java:49)
at org.openqa.selenium.remote.HttpCommandExecutor.execute(HttpCommandExecutor.java:158)
at org.openqa.selenium.remote.service.DriverCommandExecutor.execute(DriverCommandExecutor.java:83)
at org.openqa.selenium.remote.RemoteWebDriver.execute(RemoteWebDriver.java:548)
at org.openqa.selenium.remote.RemoteWebElement.execute(RemoteWebElement.java:276)
at org.openqa.selenium.remote.RemoteWebElement.click(RemoteWebElement.java:83)
at java.base/jdk.internal.reflect.NativeMethodAccessorImpl.invoke0(Native Method)
at java.base/jdk.internal.reflect.NativeMethodAccessorImpl.invoke(NativeMethodAccessorImpl.java:77)
at java.base/jdk.internal.reflect.DelegatingMethodAccessorImpl.invoke(DelegatingMethodAccessorImpl.java:43)
at java.base/java.lang.reflect.Method.invoke(Method.java:568)
at org.openqa.selenium.support.pagefactory.internal.LocatingElementHandler.invoke(LocatingElementHandler.java:51)
at jdk.proxy2/jdk.proxy2.$Proxy14.click(Unknown Source)
at com.saucedemo.pomclasses.LOGOUTpomclass.method2(LOGOUTpomclass.java:21)
at com.saucedemo.testclasses.Loginfunctionality.LogoutFunctionlity(Loginfunctionality.java:31)
at java.base/jdk.internal.reflect.NativeMethodAccessorImpl.invoke0(Native Method)
at java.base/jdk.internal.reflect.NativeMethodAccessorImpl.invoke(NativeMethodAccessorImpl.java:77)
at java.base/jdk.internal.reflect.DelegatingMethodAccessorImpl.invoke(DelegatingMethodAccessorImpl.java:43)
at java.base/java.lang.reflect.Method.invoke(Method.java:568)
at org.testng.internal.MethodInvocationHelper.invokeMethod(MethodInvocationHelper.java:133)
at org.testng.internal.TestInvoker.invokeMethod(TestInvoker.java:598)
at org.testng.internal.TestInvoker.invokeTestMethod(TestInvoker.java:173)
at org.testng.internal.MethodRunner.runInSequence(MethodRunner.java:46)
at org.testng.internal.TestInvoker$MethodInvocationAgent.invoke(TestInvoker.java:824)
at org.testng.internal.TestInvoker.invokeTestMethods(TestInvoker.java:146)
at org.testng.internal.TestMethodWorker.invokeTestMethods(TestMethodWorker.java:146)
at org.testng.internal.TestMethodWorker.run(TestMethodWorker.java:128)
at java.base/java.util.ArrayList.forEach(ArrayList.java:1511)
at org.testng.TestRunner.privateRun(TestRunner.java:794)
at org.testng.TestRunner.run(TestRunner.java:596)
at org.testng.SuiteRunner.runTest(SuiteRunner.java:377)
at org.testng.SuiteRunner.runSequentially(SuiteRunner.java:371)
at org.testng.SuiteRunner.privateRun(SuiteRunner.java:332)
at org.testng.SuiteRunner.run(SuiteRunner.java:276)
at org.testng.SuiteRunnerWorker.runSuite(SuiteRunnerWorker.java:53)
at org.testng.SuiteRunnerWorker.run(SuiteRunnerWorker.java:96)
at org.testng.TestNG.runSuitesSequentially(TestNG.java:1212)
at org.testng.TestNG.runSuitesLocally(TestNG.java:1134)
at org.testng.TestNG.runSuites(TestNG.java:1063)
at org.testng.TestNG.run(TestNG.java:1031)
at org.testng.remote.AbstractRemoteTestNG.run(AbstractRemoteTestNG.java:115)
at org.testng.remote.RemoteTestNG.initAndRun(RemoteTestNG.java:251)
at org.testng.remote.RemoteTestNG.main(RemoteTestNG.java:77)
]]>
            </full-stacktrace>
          </exception> <!-- org.openqa.selenium.ElementNotInteractableException -->
          <reporter-output>
          </reporter-output>
        </test-method> <!-- LogoutFunctionlity -->
        <test-method is-config="true" signature="tearDown()[pri:0, instance:com.saucedemo.testclasses.Loginfunctionality@58d75e99]" started-at="2022-10-09T18:47:32 IST" name="tearDown" finished-at="2022-10-09T18:47:35 IST" duration-ms="2521" status="PASS">
          <reporter-output>
          </reporter-output>
        </test-method> <!-- tearDown -->
        <test-method is-config="true" signature="setUp(java.lang.String)[pri:0, instance:com.saucedemo.testclasses.Loginfunctionality@58d75e99]" started-at="2022-10-09T18:47:35 IST" name="setUp" finished-at="2022-10-09T18:47:41 IST" duration-ms="6395" status="PASS">
          <params>
            <param index="0">
              <value>
                <![CDATA[chrome]]>
              </value>
            </param>
          </params>
          <reporter-output>
          </reporter-output>
        </test-method> <!-- setUp -->
        <test-method signature="LoginFunctionality()[pri:1, instance:com.saucedemo.testclasses.Loginfunctionality@58d75e99]" started-at="2022-10-09T18:47:41 IST" name="LoginFunctionality" finished-at="2022-10-09T18:47:41 IST" duration-ms="12" status="PASS">
          <reporter-output>
          </reporter-output>
        </test-method> <!-- LoginFunctionality -->
        <test-method is-config="true" signature="tearDown()[pri:0, instance:com.saucedemo.testclasses.Loginfunctionality@58d75e99]" started-at="2022-10-09T18:47:41 IST" name="tearDown" finished-at="2022-10-09T18:47:42 IST" duration-ms="844" status="PASS">
          <reporter-output>
          </reporter-output>
        </test-method> <!-- tearDown -->
      </class> <!-- com.saucedemo.testclasses.Loginfunctionality -->
      <class name="com.saucedemo.testclasses.CheckoutFunctionlity">
        <test-method is-config="true" signature="setUp(java.lang.String)[pri:0, instance:com.saucedemo.testclasses.CheckoutFunctionlity@5ba3f27a]" started-at="2022-10-09T18:47:14 IST" name="setUp" finished-at="2022-10-09T18:47:23 IST" duration-ms="9632" status="PASS">
          <params>
            <param index="0">
              <value>
                <![CDATA[chrome]]>
              </value>
            </param>
          </params>
          <reporter-output>
          </reporter-output>
        </test-method> <!-- setUp -->
        <test-method signature="CheckoutFunctionality()[pri:0, instance:com.saucedemo.testclasses.CheckoutFunctionlity@5ba3f27a]" started-at="2022-10-09T18:47:23 IST" name="CheckoutFunctionality" finished-at="2022-10-09T18:47:24 IST" duration-ms="413" status="PASS">
          <reporter-output>
          </reporter-output>
        </test-method> <!-- CheckoutFunctionality -->
        <test-method is-config="true" signature="tearDown()[pri:0, instance:com.saucedemo.testclasses.CheckoutFunctionlity@5ba3f27a]" started-at="2022-10-09T18:47:24 IST" name="tearDown" finished-at="2022-10-09T18:47:25 IST" duration-ms="1181" status="PASS">
          <reporter-output>
          </reporter-output>
        </test-method> <!-- tearDown -->
      </class> <!-- com.saucedemo.testclasses.CheckoutFunctionlity -->
      <class name="com.saucedemo.testclasses.AddToCart">
        <test-method is-config="true" signature="setUp(java.lang.String)[pri:0, instance:com.saucedemo.testclasses.AddToCart@74751b3]" started-at="2022-10-09T18:47:42 IST" name="setUp" finished-at="2022-10-09T18:47:48 IST" duration-ms="6056" status="PASS">
          <params>
            <param index="0">
              <value>
                <![CDATA[chrome]]>
              </value>
            </param>
          </params>
          <reporter-output>
          </reporter-output>
        </test-method> <!-- setUp -->
        <test-method signature="AddToCart()[pri:1, instance:com.saucedemo.testclasses.AddToCart@74751b3]" started-at="2022-10-09T18:47:48 IST" name="AddToCart" finished-at="2022-10-09T18:47:49 IST" duration-ms="1065" status="PASS">
          <reporter-output>
          </reporter-output>
        </test-method> <!-- AddToCart -->
        <test-method is-config="true" signature="tearDown()[pri:0, instance:com.saucedemo.testclasses.AddToCart@74751b3]" started-at="2022-10-09T18:47:49 IST" name="tearDown" finished-at="2022-10-09T18:47:50 IST" duration-ms="1161" status="PASS">
          <reporter-output>
          </reporter-output>
        </test-method> <!-- tearDown -->
      </class> <!-- com.saucedemo.testclasses.AddToCart -->
    </test> <!-- chrometest -->
  </suite> <!-- Suite -->
</testng-results>
